[debug] [2024-11-01T05:30:56.269Z] ----------------------------------------------------------------------
[debug] [2024-11-01T05:30:56.274Z] Command:       /usr/bin/node /usr/local/bin/firebase init
[debug] [2024-11-01T05:30:56.274Z] CLI Version:   13.23.1
[debug] [2024-11-01T05:30:56.275Z] Platform:      linux
[debug] [2024-11-01T05:30:56.275Z] Node Version:  v18.19.1
[debug] [2024-11-01T05:30:56.276Z] Time:          Fri Nov 01 2024 02:30:56 GMT-0300 (Horário Padrão de Brasília)
[debug] [2024-11-01T05:30:56.276Z] ----------------------------------------------------------------------
[debug] 
[debug] [2024-11-01T05:30:56.288Z] > command requires scopes: ["email","openid","https://www.googleapis.com/auth/cloudplatformprojects.readonly","https://www.googleapis.com/auth/firebase","https://www.googleapis.com/auth/cloud-platform"]
[debug] [2024-11-01T05:30:56.289Z] > authorizing via signed-in user (thiagojorgedasilva7@gmail.com)
[info] 
     ######## #### ########  ######## ########     ###     ######  ########
     ##        ##  ##     ## ##       ##     ##  ##   ##  ##       ##
     ######    ##  ########  ######   ########  #########  ######  ######
     ##        ##  ##    ##  ##       ##     ## ##     ##       ## ##
     ##       #### ##     ## ######## ########  ##     ##  ######  ########

You're about to initialize a Firebase project in this directory:

  /home/thiago/Área de trabalho/socialposting

[info] 
=== Project Setup
[info] 
[info] First, let's associate this project directory with a Firebase project.
[info] You can create multiple project aliases by running firebase use --add, 
[info] but for now we'll just set up a default project.
[info] 
[debug] [2024-11-01T05:34:20.662Z] Checked if tokens are valid: true, expires at: 1730442623752
[debug] [2024-11-01T05:34:20.663Z] Checked if tokens are valid: true, expires at: 1730442623752
[debug] [2024-11-01T05:34:20.679Z] >>> [apiv2][query] GET https://firebase.googleapis.com/v1beta1/projects pageSize=100
[debug] [2024-11-01T05:34:21.559Z] <<< [apiv2][status] GET https://firebase.googleapis.com/v1beta1/projects 200
[debug] [2024-11-01T05:34:21.560Z] <<< [apiv2][body] GET https://firebase.googleapis.com/v1beta1/projects [omitted]
[info] i  Using project socialposting-11343 (SocialPosting) 
[info] 
=== Dataconnect Setup
[debug] [2024-11-01T05:34:29.592Z] Checked if tokens are valid: true, expires at: 1730442623752
[debug] [2024-11-01T05:34:29.593Z] Checked if tokens are valid: true, expires at: 1730442623752
[debug] [2024-11-01T05:34:29.594Z] >>> [apiv2][query] GET https://cloudbilling.googleapis.com/v1/projects/socialposting-11343/billingInfo [none]
[debug] [2024-11-01T05:34:30.640Z] <<< [apiv2][status] GET https://cloudbilling.googleapis.com/v1/projects/socialposting-11343/billingInfo 200
[debug] [2024-11-01T05:34:30.640Z] <<< [apiv2][body] GET https://cloudbilling.googleapis.com/v1/projects/socialposting-11343/billingInfo {"name":"projects/socialposting-11343/billingInfo","projectId":"socialposting-11343","billingAccountName":"","billingEnabled":false}
[info] i  dataconnect: ensuring required API sqladmin.googleapis.com is enabled... 
[debug] [2024-11-01T05:34:30.645Z] Checked if tokens are valid: true, expires at: 1730442623752
[debug] [2024-11-01T05:34:30.647Z] Checked if tokens are valid: true, expires at: 1730442623752
[debug] [2024-11-01T05:34:30.651Z] >>> [apiv2][query] GET https://serviceusage.googleapis.com/v1/projects/socialposting-11343/services/sqladmin.googleapis.com [none]
[debug] [2024-11-01T05:34:30.652Z] >>> [apiv2][(partial)header] GET https://serviceusage.googleapis.com/v1/projects/socialposting-11343/services/sqladmin.googleapis.com x-goog-quota-user=projects/socialposting-11343
[debug] [2024-11-01T05:34:31.764Z] <<< [apiv2][status] GET https://serviceusage.googleapis.com/v1/projects/socialposting-11343/services/sqladmin.googleapis.com 200
[debug] [2024-11-01T05:34:31.764Z] <<< [apiv2][body] GET https://serviceusage.googleapis.com/v1/projects/socialposting-11343/services/sqladmin.googleapis.com [omitted]
[warn] ⚠  dataconnect: missing required API sqladmin.googleapis.com. Enabling now... 
[debug] [2024-11-01T05:34:31.768Z] Checked if tokens are valid: true, expires at: 1730442623752
[debug] [2024-11-01T05:34:31.768Z] Checked if tokens are valid: true, expires at: 1730442623752
[debug] [2024-11-01T05:34:31.772Z] >>> [apiv2][query] POST https://serviceusage.googleapis.com/v1/projects/socialposting-11343/services/sqladmin.googleapis.com:enable [none]
[debug] [2024-11-01T05:34:31.772Z] >>> [apiv2][(partial)header] POST https://serviceusage.googleapis.com/v1/projects/socialposting-11343/services/sqladmin.googleapis.com:enable x-goog-quota-user=projects/socialposting-11343
[debug] [2024-11-01T05:34:33.199Z] <<< [apiv2][status] POST https://serviceusage.googleapis.com/v1/projects/socialposting-11343/services/sqladmin.googleapis.com:enable 200
[debug] [2024-11-01T05:34:33.199Z] <<< [apiv2][body] POST https://serviceusage.googleapis.com/v1/projects/socialposting-11343/services/sqladmin.googleapis.com:enable [omitted]
[debug] [2024-11-01T05:34:43.211Z] Checked if tokens are valid: true, expires at: 1730442623752
[debug] [2024-11-01T05:34:43.211Z] Checked if tokens are valid: true, expires at: 1730442623752
[debug] [2024-11-01T05:34:43.212Z] >>> [apiv2][query] GET https://serviceusage.googleapis.com/v1/projects/socialposting-11343/services/sqladmin.googleapis.com [none]
[debug] [2024-11-01T05:34:43.212Z] >>> [apiv2][(partial)header] GET https://serviceusage.googleapis.com/v1/projects/socialposting-11343/services/sqladmin.googleapis.com x-goog-quota-user=projects/socialposting-11343
[debug] [2024-11-01T05:34:44.277Z] <<< [apiv2][status] GET https://serviceusage.googleapis.com/v1/projects/socialposting-11343/services/sqladmin.googleapis.com 200
[debug] [2024-11-01T05:34:44.278Z] <<< [apiv2][body] GET https://serviceusage.googleapis.com/v1/projects/socialposting-11343/services/sqladmin.googleapis.com [omitted]
[info] ✔  dataconnect: required API sqladmin.googleapis.com is enabled 
[info] ✔  Wrote dataconnect/dataconnect.yaml 
[info] ✔  Wrote dataconnect/schema/schema.gql 
[info] ✔  Wrote dataconnect/connector/connector.yaml 
[info] ✔  Wrote dataconnect/connector/queries.gql 
[info] ✔  Wrote dataconnect/connector/mutations.gql 
[info] ✔  Detected WEB app in directory /home/thiago/Área de trabalho/socialposting 
[info] i  Wrote new config to /home/thiago/Área de trabalho/socialposting/dataconnect/connector/connector.yaml 
[info] i  dataconnect: downloading dataconnect-emulator-1.6.0... {"metadata":{"emulator":{"name":"dataconnect"},"message":"downloading dataconnect-emulator-1.6.0..."}}
[debug] [2024-11-01T05:35:13.269Z] >>> [apiv2][query] GET https://storage.googleapis.com/firemat-preview-drop/emulator/dataconnect-emulator-linux-v1.6.0 
[debug] [2024-11-01T05:35:13.754Z] <<< [apiv2][status] GET https://storage.googleapis.com/firemat-preview-drop/emulator/dataconnect-emulator-linux-v1.6.0 200
[debug] [2024-11-01T05:35:13.755Z] <<< [apiv2][body] GET https://storage.googleapis.com/firemat-preview-drop/emulator/dataconnect-emulator-linux-v1.6.0 [stream]
[info] I1101 02:35:18.847870   40780 codegen.go:82] [connector "default" javascriptSdk] Generating sources into "/home/thiago/Área de trabalho/socialposting/dataconnect-generated/js/default-connector"
I1101 02:35:18.848891   40780 generate.go:40] Generated all sources. Writing them to disk...
I1101 02:35:18.849715   40780 collector.go:107] connector "default" javascriptSdk wrote into "/home/thiago/Área de trabalho/socialposting/dataconnect-generated/js/default-connector"
Generated sources: index.cjs.js [227B] package.json [623B] index.d.ts [264B] esm/index.esm.js [186B] esm/package.json [17B] 
I1101 02:35:18.855088   40780 installsdk.go:76] Running command: /usr/bin/npm install file:dataconnect-generated/js/default-connector
E1101 02:35:22.210993   40780 installsdk.go:78] Failed to install package: exit status 1

[info] i  Generated SDK code for default 
[info] ✔  If you'd like to add more generated SDKs to your app your later, run firebase init dataconnect:sdk again 
[info] i  If you'd like to provision a CloudSQL Postgres instance on the Firebase Data Connect no-cost trial:
1. Please upgrade to the pay-as-you-go (Blaze) billing plan. Visit the following page:
     https://console.firebase.google.com/project/socialposting-11343/usage/details
2. Run firebase init dataconnect again to configure the Cloud SQL instance.
3. Run firebase deploy --only dataconnect to deploy your Data Connect service. 
[info] 
=== Apphosting Setup
[debug] [2024-11-01T05:35:22.220Z] Checked if tokens are valid: true, expires at: 1730442623752
[debug] [2024-11-01T05:35:22.220Z] Checked if tokens are valid: true, expires at: 1730442623752
[debug] [2024-11-01T05:35:22.222Z] >>> [apiv2][query] GET https://cloudbilling.googleapis.com/v1/projects/socialposting-11343/billingInfo [none]
[debug] [2024-11-01T05:35:23.232Z] <<< [apiv2][status] GET https://cloudbilling.googleapis.com/v1/projects/socialposting-11343/billingInfo 200
[debug] [2024-11-01T05:35:23.234Z] <<< [apiv2][body] GET https://cloudbilling.googleapis.com/v1/projects/socialposting-11343/billingInfo {"name":"projects/socialposting-11343/billingInfo","projectId":"socialposting-11343","billingAccountName":"","billingEnabled":false}
[info] i  Writing default settings to apphosting.yaml... 
[info] ✔  Wrote apphosting.yaml 
[info] ✔  Create a new App Hosting backend with `firebase apphosting:backends:create` 
[info] 
=== Hosting Setup
[debug] [2024-11-01T05:35:23.241Z] Checked if tokens are valid: true, expires at: 1730442623752
[debug] [2024-11-01T05:35:23.241Z] Checked if tokens are valid: true, expires at: 1730442623752
[debug] [2024-11-01T05:35:23.244Z] >>> [apiv2][query] GET https://firebase.googleapis.com/v1beta1/projects/socialposting-11343 [none]
[debug] [2024-11-01T05:35:23.640Z] <<< [apiv2][status] GET https://firebase.googleapis.com/v1beta1/projects/socialposting-11343 200
[debug] [2024-11-01T05:35:23.640Z] <<< [apiv2][body] GET https://firebase.googleapis.com/v1beta1/projects/socialposting-11343 {"projectId":"socialposting-11343","projectNumber":"146526622552","displayName":"SocialPosting","name":"projects/socialposting-11343","resources":{"hostingSite":"socialposting-11343"},"state":"ACTIVE","etag":"1_57ed112a-34a6-4b56-a5e4-9b489d2813e7"}
[info] 
[info] Your public directory is the folder (relative to your project directory) that
[info] will contain Hosting assets to be uploaded with firebase deploy. If you
[info] have a build process for your assets, use your build's output directory.
[info] 
[info] ✔  Wrote public/404.html 
[debug] [2024-11-01T05:36:12.601Z] >>> [apiv2][query] GET https://www.gstatic.com/firebasejs/releases.json [none]
[debug] [2024-11-01T05:36:13.136Z] <<< [apiv2][status] GET https://www.gstatic.com/firebasejs/releases.json 200
[debug] [2024-11-01T05:36:13.138Z] <<< [apiv2][body] GET https://www.gstatic.com/firebasejs/releases.json {"current":{"version":"11.0.1","browserURL":"https://www.gstatic.com/firebasejs/11.0.1/firebase.js","packageURL":"https://www.gstatic.com/firebasejs/11.0.1/firebase.tgz"},"live":{"version":"11.0","browserURL":"https://www.gstatic.com/firebasejs/live/11.0/firebase.js","packageURL":"https://www.gstatic.com/firebasejs/live/11.0/firebase.tgz"},"components":{"analytics":"https://www.gstatic.com/firebasejs/11.0.1/firebase-analytics.js","app":"https://www.gstatic.com/firebasejs/11.0.1/firebase-app.js","app-check":"https://www.gstatic.com/firebasejs/11.0.1/firebase-app-check.js","auth":"https://www.gstatic.com/firebasejs/11.0.1/firebase-auth.js","auth/cordova":"https://www.gstatic.com/firebasejs/11.0.1/firebase-auth/cordova.js","auth/web-extension":"https://www.gstatic.com/firebasejs/11.0.1/firebase-auth/web-extension.js","functions":"https://www.gstatic.com/firebasejs/11.0.1/firebase-functions.js","firestore":"https://www.gstatic.com/firebasejs/11.0.1/firebase-firestore.js","firestore/lite":"https://www.gstatic.com/firebasejs/11.0.1/firebase-firestore/lite.js","installations":"https://www.gstatic.com/firebasejs/11.0.1/firebase-installations.js","storage":"https://www.gstatic.com/firebasejs/11.0.1/firebase-storage.js","performance":"https://www.gstatic.com/firebasejs/11.0.1/firebase-performance.js","remote-config":"https://www.gstatic.com/firebasejs/11.0.1/firebase-remote-config.js","messaging":"https://www.gstatic.com/firebasejs/11.0.1/firebase-messaging.js","messaging/sw":"https://www.gstatic.com/firebasejs/11.0.1/firebase-messaging/sw.js","database":"https://www.gstatic.com/firebasejs/11.0.1/firebase-database.js","vertexai":"https://www.gstatic.com/firebasejs/11.0.1/firebase-vertexai.js","data-connect":"https://www.gstatic.com/firebasejs/11.0.1/firebase-data-connect.js","firestore.memory":"https://www.gstatic.com/firebasejs/11.0.1/firebase-firestore.memory.js"}}
[info] ✔  Wrote public/index.html 
[info] 
[info] i  Detected a .git folder at /home/thiago/Área de trabalho/socialposting 
[info] i  Authorizing with GitHub to upload your service account to a GitHub repository's secrets store. 
[info] 
[info] Visit this URL on this device to log in:
[info] https://github.com/login/oauth/authorize?client_id=89cf50f02ac6aaed3484&state=876551979&redirect_uri=http%3A%2F%2Flocalhost%3A9005&scope=read%3Auser%20repo%20public_repo
[info] 
[info] Waiting for authentication...
[debug] [2024-11-01T05:36:36.703Z] >>> [apiv2][query] POST https://github.com/login/oauth/access_token [none]
[debug] [2024-11-01T05:36:36.707Z] >>> [apiv2][body] POST https://github.com/login/oauth/access_token [stream]
[debug] [2024-11-01T05:36:37.057Z] <<< [apiv2][status] POST https://github.com/login/oauth/access_token 200
[debug] [2024-11-01T05:36:37.058Z] <<< [apiv2][body] POST https://github.com/login/oauth/access_token {"access_token":"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","token_type":"bearer","scope":"read:user,repo"}
[debug] [2024-11-01T05:36:37.067Z] >>> [apiv2][query] GET https://api.github.com/user [none]
[debug] [2024-11-01T05:36:37.364Z] <<< [apiv2][status] GET https://api.github.com/user 200
[debug] [2024-11-01T05:36:37.364Z] <<< [apiv2][body] GET https://api.github.com/user {"login":"OThiagoJorge","id":131232516,"node_id":"U_kgDOB9JzBA","avatar_url":"https://avatars.githubusercontent.com/u/131232516?v=4","gravatar_id":"","url":"https://api.github.com/users/OThiagoJorge","html_url":"https://github.com/OThiagoJorge","followers_url":"https://api.github.com/users/OThiagoJorge/followers","following_url":"https://api.github.com/users/OThiagoJorge/following{/other_user}","gists_url":"https://api.github.com/users/OThiagoJorge/gists{/gist_id}","starred_url":"https://api.github.com/users/OThiagoJorge/starred{/owner}{/repo}","subscriptions_url":"https://api.github.com/users/OThiagoJorge/subscriptions","organizations_url":"https://api.github.com/users/OThiagoJorge/orgs","repos_url":"https://api.github.com/users/OThiagoJorge/repos","events_url":"https://api.github.com/users/OThiagoJorge/events{/privacy}","received_events_url":"https://api.github.com/users/OThiagoJorge/received_events","type":"User","user_view_type":"private","site_admin":false,"name":"Thiiag_oJorge","company":null,"blog":"","location":null,"email":null,"hireable":null,"bio":null,"twitter_username":null,"notification_email":null,"public_repos":1,"public_gists":0,"followers":0,"following":0,"created_at":"2023-04-19T05:06:22Z","updated_at":"2024-09-27T19:38:18Z","private_gists":0,"total_private_repos":3,"owned_private_repos":3,"disk_usage":54966,"collaborators":0,"two_factor_authentication":false,"plan":{"name":"free","space":976562499,"collaborators":0,"private_repos":10000}}
[info] 
[info] ✔  Success! Logged into GitHub as OThiagoJorge 
[info] 
